=== RUN   TestFreeCache
begin	0	180415	0xc820090c98	204800	0	180415	180415
begin	0	180415	0xc820090c98	204800	0	180415	180415
begin	0	180415	0xc820090c98	204800	0	180415	180415
begin	0	180415	0xc820090c98	204800	0	180415	180415
begin	0	180415	0xc820090c98	204800	0	180415	180415
begin	0	180415	0xc820090c98	204800	0	180415	180415
begin	0	180415	0xc820090c98	204800	0	180415	180415
begin	0	180415	0xc820090c98	204800	0	180415	180415
begin	0	180415	0xc820090c98	204800	0	180415	180415
begin	0	180415	0xc820090c98	204800	0	180415	180415
begin	0	180415	0xc820090c98	204800	0	180415	180415
begin	0	180415	0xc820090c98	204800	0	180415	180415
begin	0	180415	0xc820090c98	204800	0	180415	180415
begin	0	180415	0xc820090c98	204800	0	180415	180415
begin	0	180415	0xc820090c98	204800	0	180415	180415
begin	0	180415	0xc820090c98	204800	0	180415	180415
begin	0	180415	0xc820090c98	204800	0	180415	180415
begin	0	202971	0xc820090c98	204800	0	202971	202971
begin	3810	208610	0xc820090c98	204800	3810	3810	3810
begin	9449	214249	0xc820090c98	204800	9449	9449	9449
begin	15099	219899	0xc820090c98	204800	15099	15099	15099
begin	20749	225549	0xc820090c98	204800	20749	20749	20749
begin	26399	231199	0xc820090c98	204800	26399	26399	26399
begin	32049	236849	0xc820090c98	204800	32049	32049	32049
begin	37699	242499	0xc820090c98	204800	37699	37699	37699
begin	43349	248149	0xc820090c98	204800	43349	43349	43349
begin	43349	248149	0xc820090c98	204800	43349	43349	43349
begin	43349	248149	0xc820090c98	204800	43349	43349	43349
begin	43349	248149	0xc820090c98	204800	43349	43349	43349
begin	43349	248149	0xc820090c98	204800	43349	43349	43349
begin	43349	248149	0xc820090c98	204800	43349	43349	43349
begin	43349	248149	0xc820090c98	204800	43349	43349	43349
begin	43349	248149	0xc820090c98	204800	43349	43349	43349
begin	43349	248149	0xc820090c98	204800	43349	43349	43349
begin	43349	248149	0xc820090c98	204800	43349	43349	43349
begin	43349	248149	0xc820090c98	204800	43349	43349	43349
begin	43349	248149	0xc820090c98	204800	43349	43349	43349
begin	43349	248149	0xc820090c98	204800	43349	43349	43349
begin	48999	253799	0xc820090c98	204800	48999	48999	48999
begin	54649	259449	0xc820090c98	204800	54649	54649	54649
begin	60299	265099	0xc820090c98	204800	60299	60299	60299
begin	65949	270749	0xc820090c98	204800	65949	65949	65949
begin	71599	276399	0xc820090c98	204800	71599	71599	71599
begin	77249	282049	0xc820090c98	204800	77249	77249	77249
begin	82899	287699	0xc820090c98	204800	82899	82899	82899
begin	88549	293349	0xc820090c98	204800	88549	88549	88549
begin	94199	298999	0xc820090c98	204800	94199	94199	94199
begin	99849	304649	0xc820090c98	204800	99849	99849	99849
begin	105499	310299	0xc820090c98	204800	105499	105499	105499
begin	111149	315949	0xc820090c98	204800	111149	111149	111149
begin	116799	321599	0xc820090c98	204800	116799	116799	116799
begin	122449	327249	0xc820090c98	204800	122449	122449	122449
begin	128099	332899	0xc820090c98	204800	128099	128099	128099
begin	133749	338549	0xc820090c98	204800	133749	133749	133749
begin	139399	344199	0xc820090c98	204800	139399	139399	139399
begin	145049	349849	0xc820090c98	204800	145049	145049	145049
begin	145049	349849	0xc820090c98	204800	145049	145049	145049
begin	145049	349849	0xc820090c98	204800	145049	145049	145049
begin	145049	349849	0xc820090c98	204800	145049	145049	145049
begin	145049	349849	0xc820090c98	204800	145049	145049	145049
begin	145049	349849	0xc820090c98	204800	145049	145049	145049
begin	145049	349849	0xc820090c98	204800	145049	145049	145049
begin	145049	349849	0xc820090c98	204800	145049	145049	145049
begin	145049	349849	0xc820090c98	204800	145049	145049	145049
begin	145049	349849	0xc820090c98	204800	145049	145049	145049
begin	145049	349849	0xc820090c98	204800	145049	145049	145049
begin	145049	349849	0xc820090c98	204800	145049	145049	145049
begin	145049	349849	0xc820090c98	204800	145049	145049	145049
begin	145049	349849	0xc820090c98	204800	145049	145049	145049
begin	145049	349849	0xc820090c98	204800	145049	145049	145049
begin	145049	349849	0xc820090c98	204800	145049	145049	145049
begin	145049	349849	0xc820090c98	204800	145049	145049	145049
begin	145049	349849	0xc820090c98	204800	145049	145049	145049
begin	145049	349849	0xc820090c98	204800	145049	145049	145049
begin	150699	355499	0xc820090c98	204800	150699	150699	150699
begin	156349	361149	0xc820090c98	204800	156349	156349	156349
begin	161999	366799	0xc820090c98	204800	161999	161999	161999
begin	167649	372449	0xc820090c98	204800	167649	167649	167649
begin	173299	378099	0xc820090c98	204800	173299	173299	173299
begin	178949	383749	0xc820090c98	204800	178949	178949	178949
begin	184599	389399	0xc820090c98	204800	184599	184599	184599
begin	190249	395049	0xc820090c98	204800	190249	190249	190249
begin	195899	400699	0xc820090c98	204800	195899	195899	195899
begin	201549	406349	0xc820090c98	204800	201549	201549	201549
begin	207199	411999	0xc820090c98	204800	2399	2399	2399
begin	212849	417649	0xc820090c98	204800	8049	8049	8049
begin	218499	423299	0xc820090c98	204800	13699	13699	13699
begin	224149	428949	0xc820090c98	204800	19349	19349	19349
begin	229799	434599	0xc820090c98	204800	24999	24999	24999
begin	235449	440249	0xc820090c98	204800	30649	30649	30649
begin	241099	445899	0xc820090c98	204800	36299	36299	36299
begin	246749	451549	0xc820090c98	204800	41949	41949	41949
begin	246749	451549	0xc820090c98	204800	41949	41949	41949
begin	246749	451549	0xc820090c98	204800	41949	41949	41949
begin	246749	451549	0xc820090c98	204800	41949	41949	41949
begin	246749	451549	0xc820090c98	204800	41949	41949	41949
begin	246749	451549	0xc820090c98	204800	41949	41949	41949
begin	246749	451549	0xc820090c98	204800	41949	41949	41949
begin	246749	451549	0xc820090c98	204800	41949	41949	41949
begin	246749	451549	0xc820090c98	204800	41949	41949	41949
begin	246749	451549	0xc820090c98	204800	41949	41949	41949
begin	246749	451549	0xc820090c98	204800	41949	41949	41949
begin	246749	451549	0xc820090c98	204800	41949	41949	41949
begin	246749	451549	0xc820090c98	204800	41949	41949	41949
begin	246749	451549	0xc820090c98	204800	41949	41949	41949
begin	246749	451549	0xc820090c98	204800	41949	41949	41949
begin	246749	451549	0xc820090c98	204800	41949	41949	41949
begin	246749	451549	0xc820090c98	204800	41949	41949	41949
begin	246749	451549	0xc820090c98	204800	41949	41949	41949
begin	246749	451549	0xc820090c98	204800	41949	41949	41949
begin	252399	457199	0xc820090c98	204800	47599	47599	47599
begin	258049	462849	0xc820090c98	204800	53249	53249	53249
begin	263699	468499	0xc820090c98	204800	58899	58899	58899
begin	269349	474149	0xc820090c98	204800	64549	64549	64549
begin	274999	479799	0xc820090c98	204800	70199	70199	70199
begin	280649	485449	0xc820090c98	204800	75849	75849	75849
begin	286299	491099	0xc820090c98	204800	81499	81499	81499
begin	291949	496749	0xc820090c98	204800	87149	87149	87149
begin	297599	502399	0xc820090c98	204800	92799	92799	92799
begin	303249	508049	0xc820090c98	204800	98449	98449	98449
begin	308899	513699	0xc820090c98	204800	104099	104099	104099
begin	314549	519349	0xc820090c98	204800	109749	109749	109749
begin	320199	524999	0xc820090c98	204800	115399	115399	115399
begin	325849	530649	0xc820090c98	204800	121049	121049	121049
begin	331499	536299	0xc820090c98	204800	126699	126699	126699
begin	337149	541949	0xc820090c98	204800	132349	132349	132349
begin	342799	547599	0xc820090c98	204800	137999	137999	137999
begin	348449	553249	0xc820090c98	204800	143649	143649	143649
begin	354099	558899	0xc820090c98	204800	149299	149299	149299
begin	359749	564549	0xc820090c98	204800	154949	154949	154949
begin	359749	564549	0xc820090c98	204800	154949	154949	154949
begin	359749	564549	0xc820090c98	204800	154949	154949	154949
begin	359749	564549	0xc820090c98	204800	154949	154949	154949
begin	359749	564549	0xc820090c98	204800	154949	154949	154949
begin	359749	564549	0xc820090c98	204800	154949	154949	154949
begin	359749	564549	0xc820090c98	204800	154949	154949	154949
begin	359749	564549	0xc820090c98	204800	154949	154949	154949
begin	359749	564549	0xc820090c98	204800	154949	154949	154949
begin	359749	564549	0xc820090c98	204800	154949	154949	154949
begin	359749	564549	0xc820090c98	204800	154949	154949	154949
begin	359749	564549	0xc820090c98	204800	154949	154949	154949
begin	359749	564549	0xc820090c98	204800	154949	154949	154949
begin	359749	564549	0xc820090c98	204800	154949	154949	154949
begin	359749	564549	0xc820090c98	204800	154949	154949	154949
begin	359749	564549	0xc820090c98	204800	154949	154949	154949
begin	359749	564549	0xc820090c98	204800	154949	154949	154949
begin	359749	564549	0xc820090c98	204800	154949	154949	154949
begin	359749	564549	0xc820090c98	204800	154949	154949	154949
begin	359749	564549	0xc820090c98	204800	154949	154949	154949
begin	359749	564549	0xc820090c98	204800	154949	154949	154949
begin	365399	570199	0xc820090c98	204800	160599	160599	160599
begin	371049	575849	0xc820090c98	204800	166249	166249	166249
begin	376699	581499	0xc820090c98	204800	171899	171899	171899
begin	382349	587149	0xc820090c98	204800	177549	177549	177549
begin	387999	592799	0xc820090c98	204800	183199	183199	183199
begin	393649	598449	0xc820090c98	204800	188849	188849	188849
begin	399299	604099	0xc820090c98	204800	194499	194499	194499
begin	404949	609749	0xc820090c98	204800	200149	200149	200149
begin	410599	615399	0xc820090c98	204800	999	999	999
begin	416249	621049	0xc820090c98	204800	6649	6649	6649
begin	421899	626699	0xc820090c98	204800	12299	12299	12299
begin	427549	632349	0xc820090c98	204800	17949	17949	17949
begin	433199	637999	0xc820090c98	204800	23599	23599	23599
begin	438849	643649	0xc820090c98	204800	29249	29249	29249
begin	444499	649299	0xc820090c98	204800	34899	34899	34899
begin	450149	654949	0xc820090c98	204800	40549	40549	40549
begin	455799	660599	0xc820090c98	204800	46199	46199	46199
begin	461449	666249	0xc820090c98	204800	51849	51849	51849
begin	467099	671899	0xc820090c98	204800	57499	57499	57499
begin	472749	677549	0xc820090c98	204800	63149	63149	63149
begin	478399	683199	0xc820090c98	204800	68799	68799	68799
begin	484049	688849	0xc820090c98	204800	74449	74449	74449
begin	484049	688849	0xc820090c98	204800	74449	74449	74449
begin	484049	688849	0xc820090c98	204800	74449	74449	74449
begin	484049	688849	0xc820090c98	204800	74449	74449	74449
begin	484049	688849	0xc820090c98	204800	74449	74449	74449
begin	484049	688849	0xc820090c98	204800	74449	74449	74449
begin	484049	688849	0xc820090c98	204800	74449	74449	74449
begin	484049	688849	0xc820090c98	204800	74449	74449	74449
begin	484049	688849	0xc820090c98	204800	74449	74449	74449
begin	484049	688849	0xc820090c98	204800	74449	74449	74449
begin	484049	688849	0xc820090c98	204800	74449	74449	74449
begin	484049	688849	0xc820090c98	204800	74449	74449	74449
begin	484049	688849	0xc820090c98	204800	74449	74449	74449
begin	484049	688849	0xc820090c98	204800	74449	74449	74449
begin	484049	688849	0xc820090c98	204800	74449	74449	74449
begin	484049	688849	0xc820090c98	204800	74449	74449	74449
begin	484049	688849	0xc820090c98	204800	74449	74449	74449
begin	484049	688849	0xc820090c98	204800	74449	74449	74449
begin	484049	688849	0xc820090c98	204800	74449	74449	74449
begin	484049	688849	0xc820090c98	204800	74449	74449	74449
begin	484049	688849	0xc820090c98	204800	74449	74449	74449
begin	484049	688849	0xc820090c98	204800	74449	74449	74449
begin	484049	688849	0xc820090c98	204800	74449	74449	74449
begin	489699	694499	0xc820090c98	204800	80099	80099	80099
begin	495349	700149	0xc820090c98	204800	85749	85749	85749
begin	500999	705799	0xc820090c98	204800	91399	91399	91399
begin	506649	711449	0xc820090c98	204800	97049	97049	97049
begin	512299	717099	0xc820090c98	204800	102699	102699	102699
begin	517949	722749	0xc820090c98	204800	108349	108349	108349
begin	523599	728399	0xc820090c98	204800	113999	113999	113999
begin	529249	734049	0xc820090c98	204800	119649	119649	119649
begin	534899	739699	0xc820090c98	204800	125299	125299	125299
begin	540549	745349	0xc820090c98	204800	130949	130949	130949
begin	546199	750999	0xc820090c98	204800	136599	136599	136599
begin	551849	756649	0xc820090c98	204800	142249	142249	142249
begin	557499	762299	0xc820090c98	204800	147899	147899	147899
begin	563149	767949	0xc820090c98	204800	153549	153549	153549
begin	568799	773599	0xc820090c98	204800	159199	159199	159199
begin	574449	779249	0xc820090c98	204800	164849	164849	164849
begin	580099	784899	0xc820090c98	204800	170499	170499	170499
begin	585749	790549	0xc820090c98	204800	176149	176149	176149
begin	591399	796199	0xc820090c98	204800	181799	181799	181799
begin	597049	801849	0xc820090c98	204800	187449	187449	187449
begin	597049	801849	0xc820090c98	204800	187449	187449	187449
begin	597049	801849	0xc820090c98	204800	187449	187449	187449
begin	597049	801849	0xc820090c98	204800	187449	187449	187449
begin	597049	801849	0xc820090c98	204800	187449	187449	187449
begin	597049	801849	0xc820090c98	204800	187449	187449	187449
begin	597049	801849	0xc820090c98	204800	187449	187449	187449
begin	597049	801849	0xc820090c98	204800	187449	187449	187449
begin	597049	801849	0xc820090c98	204800	187449	187449	187449
begin	597049	801849	0xc820090c98	204800	187449	187449	187449
begin	597049	801849	0xc820090c98	204800	187449	187449	187449
begin	597049	801849	0xc820090c98	204800	187449	187449	187449
begin	597049	801849	0xc820090c98	204800	187449	187449	187449
begin	597049	801849	0xc820090c98	204800	187449	187449	187449
begin	597049	801849	0xc820090c98	204800	187449	187449	187449
begin	597049	801849	0xc820090c98	204800	187449	187449	187449
begin	597049	801849	0xc820090c98	204800	187449	187449	187449
begin	597049	801849	0xc820090c98	204800	187449	187449	187449
begin	597049	801849	0xc820090c98	204800	187449	187449	187449
begin	597049	801849	0xc820090c98	204800	187449	187449	187449
begin	597049	801849	0xc820090c98	204800	187449	187449	187449
begin	602699	807499	0xc820090c98	204800	193099	193099	193099
begin	608349	813149	0xc820090c98	204800	198749	198749	198749
begin	613999	818799	0xc820090c98	204800	204399	204399	204399
begin	619649	824449	0xc820090c98	204800	5249	5249	5249
begin	625299	830099	0xc820090c98	204800	10899	10899	10899
begin	630949	835749	0xc820090c98	204800	16549	16549	16549
begin	636599	841399	0xc820090c98	204800	22199	22199	22199
begin	642249	847049	0xc820090c98	204800	27849	27849	27849
begin	647899	852699	0xc820090c98	204800	33499	33499	33499
begin	653549	858349	0xc820090c98	204800	39149	39149	39149
begin	659199	863999	0xc820090c98	204800	44799	44799	44799
begin	664849	869649	0xc820090c98	204800	50449	50449	50449
begin	670499	875299	0xc820090c98	204800	56099	56099	56099
begin	676149	880949	0xc820090c98	204800	61749	61749	61749
begin	676149	880949	0xc820090c98	204800	61749	61749	61749
begin	676149	880949	0xc820090c98	204800	61749	61749	61749
begin	676149	880949	0xc820090c98	204800	61749	61749	61749
begin	676149	880949	0xc820090c98	204800	61749	61749	61749
begin	676149	880949	0xc820090c98	204800	61749	61749	61749
begin	676149	880949	0xc820090c98	204800	61749	61749	61749
begin	676149	880949	0xc820090c98	204800	61749	61749	61749
begin	676149	880949	0xc820090c98	204800	61749	61749	61749
begin	676149	880949	0xc820090c98	204800	61749	61749	61749
begin	676149	880949	0xc820090c98	204800	61749	61749	61749
begin	676149	880949	0xc820090c98	204800	61749	61749	61749
begin	676149	880949	0xc820090c98	204800	61749	61749	61749
begin	676149	880949	0xc820090c98	204800	61749	61749	61749
begin	676149	880949	0xc820090c98	204800	61749	61749	61749
begin	681799	886599	0xc820090c98	204800	67399	67399	67399
begin	687449	892249	0xc820090c98	204800	73049	73049	73049
begin	693099	897899	0xc820090c98	204800	78699	78699	78699
begin	698749	903549	0xc820090c98	204800	84349	84349	84349
begin	704399	909199	0xc820090c98	204800	89999	89999	89999
begin	710049	914849	0xc820090c98	204800	95649	95649	95649
begin	715699	920499	0xc820090c98	204800	101299	101299	101299
begin	721349	926149	0xc820090c98	204800	106949	106949	106949
begin	726999	931799	0xc820090c98	204800	112599	112599	112599
begin	732649	937449	0xc820090c98	204800	118249	118249	118249
begin	738299	943099	0xc820090c98	204800	123899	123899	123899
begin	743949	948749	0xc820090c98	204800	129549	129549	129549
begin	749599	954399	0xc820090c98	204800	135199	135199	135199
begin	755249	960049	0xc820090c98	204800	140849	140849	140849
begin	760899	965699	0xc820090c98	204800	146499	146499	146499
begin	766549	971349	0xc820090c98	204800	152149	152149	152149
begin	772199	976999	0xc820090c98	204800	157799	157799	157799
begin	777849	982649	0xc820090c98	204800	163449	163449	163449
begin	777849	982649	0xc820090c98	204800	163449	163449	163449
begin	777849	982649	0xc820090c98	204800	163449	163449	163449
begin	777849	982649	0xc820090c98	204800	163449	163449	163449
begin	777849	982649	0xc820090c98	204800	163449	163449	163449
begin	777849	982649	0xc820090c98	204800	163449	163449	163449
begin	777849	982649	0xc820090c98	204800	163449	163449	163449
begin	777849	982649	0xc820090c98	204800	163449	163449	163449
begin	777849	982649	0xc820090c98	204800	163449	163449	163449
begin	777849	982649	0xc820090c98	204800	163449	163449	163449
begin	777849	982649	0xc820090c98	204800	163449	163449	163449
begin	777849	982649	0xc820090c98	204800	163449	163449	163449
begin	777849	982649	0xc820090c98	204800	163449	163449	163449
begin	777849	982649	0xc820090c98	204800	163449	163449	163449
begin	777849	982649	0xc820090c98	204800	163449	163449	163449
begin	777849	982649	0xc820090c98	204800	163449	163449	163449
begin	777849	982649	0xc820090c98	204800	163449	163449	163449
begin	777849	982649	0xc820090c98	204800	163449	163449	163449
begin	777849	982649	0xc820090c98	204800	163449	163449	163449
begin	783499	988299	0xc820090c98	204800	169099	169099	169099
begin	789149	993949	0xc820090c98	204800	174749	174749	174749
begin	794799	999599	0xc820090c98	204800	180399	180399	180399
begin	800449	1005249	0xc820090c98	204800	186049	186049	186049
begin	806099	1010899	0xc820090c98	204800	191699	191699	191699
begin	811749	1016549	0xc820090c98	204800	197349	197349	197349
begin	817399	1022199	0xc820090c98	204800	202999	202999	202999
begin	823049	1027849	0xc820090c98	204800	3849	3849	3849
begin	828699	1033499	0xc820090c98	204800	9499	9499	9499
begin	834349	1039149	0xc820090c98	204800	15149	15149	15149
begin	839999	1044799	0xc820090c98	204800	20799	20799	20799
begin	845649	1050449	0xc820090c98	204800	26449	26449	26449
begin	851299	1056099	0xc820090c98	204800	32099	32099	32099
begin	856949	1061749	0xc820090c98	204800	37749	37749	37749
begin	862599	1067399	0xc820090c98	204800	43399	43399	43399
begin	868249	1073049	0xc820090c98	204800	49049	49049	49049
begin	873899	1078699	0xc820090c98	204800	54699	54699	54699
begin	879549	1084349	0xc820090c98	204800	60349	60349	60349
begin	885199	1089999	0xc820090c98	204800	65999	65999	65999
begin	885199	1089999	0xc820090c98	204800	65999	65999	65999
begin	885199	1089999	0xc820090c98	204800	65999	65999	65999
begin	885199	1089999	0xc820090c98	204800	65999	65999	65999
begin	885199	1089999	0xc820090c98	204800	65999	65999	65999
begin	885199	1089999	0xc820090c98	204800	65999	65999	65999
begin	885199	1089999	0xc820090c98	204800	65999	65999	65999
begin	885199	1089999	0xc820090c98	204800	65999	65999	65999
begin	885199	1089999	0xc820090c98	204800	65999	65999	65999
begin	885199	1089999	0xc820090c98	204800	65999	65999	65999
begin	885199	1089999	0xc820090c98	204800	65999	65999	65999
begin	885199	1089999	0xc820090c98	204800	65999	65999	65999
begin	885199	1089999	0xc820090c98	204800	65999	65999	65999
begin	885199	1089999	0xc820090c98	204800	65999	65999	65999
begin	885199	1089999	0xc820090c98	204800	65999	65999	65999
begin	885199	1089999	0xc820090c98	204800	65999	65999	65999
begin	885199	1089999	0xc820090c98	204800	65999	65999	65999
begin	885199	1089999	0xc820090c98	204800	65999	65999	65999
begin	885199	1089999	0xc820090c98	204800	65999	65999	65999
--- PASS: TestFreeCache (110.52s)
	cache_test.go:65: hit rate is 0, evacuates 0, entries 4000, average time 1474978517, expire count 0, total count 4000, cur 1474978517
	cache_test.go:116: hit rate is 1, evacuates 0, entries 7807, average time 1474978522, expire count 193, total count 7807, cur 1474978527, errCount 0
	cache_test.go:116: hit rate is 1, evacuates 1, entries 9174, average time 1474978529, expire count 2826, total count 9174, cur 1474978537, errCount 0
	cache_test.go:116: hit rate is 1, evacuates 1, entries 9216, average time 1474978539, expire count 6784, total count 9216, cur 1474978547, errCount 0
	cache_test.go:116: hit rate is 1, evacuates 2, entries 9216, average time 1474978549, expire count 10784, total count 9216, cur 1474978557, errCount 0
	cache_test.go:116: hit rate is 1, evacuates 2, entries 9216, average time 1474978559, expire count 14784, total count 9216, cur 1474978567, errCount 0
	cache_test.go:116: hit rate is 1, evacuates 3, entries 9216, average time 1474978569, expire count 18784, total count 9216, cur 1474978577, errCount 0
	cache_test.go:116: hit rate is 1, evacuates 3, entries 9216, average time 1474978579, expire count 22784, total count 9216, cur 1474978587, errCount 0
	cache_test.go:116: hit rate is 1, evacuates 4, entries 9216, average time 1474978589, expire count 26784, total count 9216, cur 1474978597, errCount 0
	cache_test.go:116: hit rate is 1, evacuates 4, entries 9216, average time 1474978599, expire count 30784, total count 9216, cur 1474978607, errCount 0
	cache_test.go:116: hit rate is 1, evacuates 5, entries 9216, average time 1474978609, expire count 34784, total count 9216, cur 1474978617, errCount 0
	cache_test.go:134: hit rate is 0.9091322229543957, evacuates 5, entries 9216, average time 1474978609, expire count 34784, total count 9216, cur 1474978627
	cache_test.go:138: hit rate is 0, evacuates 0, entries 9216, average time 1474978609, expire count 0, total count 9216, cur 1474978627
=== RUN   TestOverwrite
--- PASS: TestOverwrite (0.00s)
=== RUN   TestExpire
--- PASS: TestExpire (1.00s)
=== RUN   TestLargeEntry
--- PASS: TestLargeEntry (0.00s)
=== RUN   TestInt64Key
--- PASS: TestInt64Key (0.00s)
=== RUN   TestRingBuf
--- PASS: TestRingBuf (0.00s)
	ringbuf_test.go:13: fghibbbbccccddde
	ringbuf_test.go:19: ighibbbbccccefgh
PASS
ok  	github.com/kmiku7/freecache	111.546s
?   	github.com/kmiku7/freecache/server	[no test files]
